<?xml version="1.0" encoding="UTF-8"?>
<!-- Generated by org.testng.reporters.JUnitXMLReporter -->
<testsuite ignored="4" hostname="LAPTOP-RHEKKJV4" failures="0" tests="1" name="Default test" time="16.718" errors="0" timestamp="2024-10-25T20:22:40 EDT">
  <testcase classname="com.automation.test.LoginScripts" name="valid_Login" time="8.718"/>
  <testcase classname="com.automation.test.LoginScripts" name="forgotpwd_validation" time="0.0">
    <ignored/>
  </testcase> <!-- forgotpwd_validation -->
  <testcase classname="com.automation.test.LoginScripts" name="rememberme_Login" time="0.0">
    <ignored/>
  </testcase> <!-- rememberme_Login -->
  <testcase classname="com.automation.test.LoginScripts" name="invalid_Login" time="0.0">
    <ignored/>
  </testcase> <!-- invalid_Login -->
  <testcase classname="com.automation.test.LoginScripts" name="forgotpwd_invalid" time="0.0">
    <ignored/>
  </testcase> <!-- forgotpwd_invalid -->
</testsuite> <!-- Default test -->
