<?xml version="1.0" encoding="UTF-8"?>
<!-- Generated by org.testng.reporters.JUnitXMLReporter -->
<testsuite ignored="0" hostname="LAPTOP-RHEKKJV4" failures="0" tests="2" name="SalesForceOportunityTest" time="29.289" errors="0" timestamp="2024-10-26T15:54:21 EDT">
  <testcase classname="com.automation.test.OpportunityScripts" name="test_OppPipelineReport" time="8.972"/>
  <testcase classname="com.automation.test.OpportunityScripts" name="test_OppStuckReport" time="6.846"/>
</testsuite> <!-- SalesForceOportunityTest -->
