<?xml version="1.0" encoding="UTF-8"?>
<!-- Generated by org.testng.reporters.JUnitXMLReporter -->
<testsuite ignored="0" hostname="LAPTOP-RHEKKJV4" failures="0" tests="5" name="SalesForceLoginTest" time="61.397" errors="0" timestamp="2024-10-26T15:52:34 EDT">
  <testcase classname="com.automation.test.LoginScripts" name="forgotpwd_invalid" time="3.984"/>
  <testcase classname="com.automation.test.LoginScripts" name="rememberme_Login" time="8.659"/>
  <testcase classname="com.automation.test.LoginScripts" name="valid_Login" time="5.984"/>
  <testcase classname="com.automation.test.LoginScripts" name="invalid_Login" time="3.703"/>
  <testcase classname="com.automation.test.LoginScripts" name="forgotpwd_validation" time="3.647"/>
</testsuite> <!-- SalesForceLoginTest -->
