<?xml version="1.0" encoding="UTF-8"?>
<!-- Generated by org.testng.reporters.JUnitXMLReporter -->
<testsuite ignored="0" hostname="LAPTOP-RHEKKJV4" failures="0" tests="5" name="SalesForceLeadTest" time="77.026" errors="0" timestamp="2024-10-26T15:53:52 EDT">
  <testcase classname="com.automation.test.LeadScripts" name="check_LeadTabLink" time="10.419"/>
  <testcase classname="com.automation.test.LeadScripts" name="select_TodaysLead" time="7.709"/>
  <testcase classname="com.automation.test.LeadScripts" name="check_LeadsSelectView" time="7.004"/>
  <testcase classname="com.automation.test.LeadScripts" name="new_TodaysLeadSave" time="4.876"/>
  <testcase classname="com.automation.test.LeadScripts" name="check_LeadsDefaultView" time="13.954"/>
</testsuite> <!-- SalesForceLeadTest -->
