<?xml version="1.0" encoding="UTF-8"?>
<!-- Generated by org.testng.reporters.JUnitXMLReporter -->
<testsuite ignored="0" hostname="LAPTOP-RHEKKJV4" failures="0" tests="5" name="SalesForceLoginTest" time="68.974" errors="0" timestamp="2024-10-23T20:00:36 EDT">
  <testcase classname="com.automation.test.LoginScripts" name="forgotpwd_invalid" time="4.323"/>
  <testcase classname="com.automation.test.LoginScripts" name="rememberme_Login" time="9.958"/>
  <testcase classname="com.automation.test.LoginScripts" name="valid_Login" time="5.335"/>
  <testcase classname="com.automation.test.LoginScripts" name="invalid_Login" time="10.944"/>
  <testcase classname="com.automation.test.LoginScripts" name="forgotpwd_validation" time="3.555"/>
</testsuite> <!-- SalesForceLoginTest -->
