<?xml version="1.0" encoding="UTF-8"?>
<!-- Generated by org.testng.reporters.JUnitXMLReporter -->
<testsuite ignored="0" hostname="LAPTOP-RHEKKJV4" failures="0" tests="2" name="SalesForceOportunityTest" time="28.077" errors="0" timestamp="2024-10-23T20:02:05 EDT">
  <testcase classname="com.automation.test.OpportunityScripts" name="test_OppPipelineReport" time="8.484"/>
  <testcase classname="com.automation.test.OpportunityScripts" name="test_OppStuckReport" time="6.299"/>
</testsuite> <!-- SalesForceOportunityTest -->
